<?xml version="1.0" encoding="UTF-8"?>
<!-- Generated by org.testng.reporters.JUnitXMLReporter -->
<testsuite hostname="DESKTOP-AMSG348" ignored="0" name="Test Page Title" tests="3" failures="1" timestamp="2020-04-25T12:51:41 IST" time="45.589" errors="0">
  <testcase name="test02" time="0.062" classname="testngEx.TC02">
    <failure type="java.lang.AssertionError" message="did not expect to find [true] but found [false]">
      <![CDATA[java.lang.AssertionError: did not expect to find [true] but found [false]
at testngEx.TC02.test02(TC02.java:20)
at java.util.ArrayList.forEach(Unknown Source)
at java.util.concurrent.FutureTask.run(Unknown Source)
at java.util.concurrent.ThreadPoolExecutor.runWorker(Unknown Source)
at java.util.concurrent.ThreadPoolExecutor$Worker.run(Unknown Source)
at java.lang.Thread.run(Unknown Source)
... Removed 22 stack frames]]>
    </failure>
  </testcase> <!-- test02 -->
  <testcase name="test01" time="0.025" classname="testngEx.TC01"/>
  <testcase name="test01" time="2.315" classname="testngEx.TC03"/>
</testsuite> <!-- Test Page Title -->
